2023-06-14 09:30:08[ INFO ]>> User数据访问层: insert测试成功
2023-06-14 09:30:08[ INFO ]>> User数据访问层: deleteByName测试成功
2023-06-14 09:30:08[ INFO ]>> User数据访问层: login测试成功
2023-06-14 09:30:08[ INFO ]>> User数据访问层: queryList测试通过
2023-06-14 09:30:08[ INFO ]>> User数据访问层: deleteById测试成功
2023-06-14 09:32:43[ INFO ]>> User数据访问层: insert测试成功
2023-06-14 09:32:43[ INFO ]>> User数据访问层: deleteByName测试成功
2023-06-14 09:32:43[ INFO ]>> User数据访问层: login测试成功
2023-06-14 09:32:43[ INFO ]>> User数据访问层: queryList测试通过
2023-06-14 09:32:43[ INFO ]>> User数据访问层: deleteById测试成功
2023-06-14 09:36:32[ INFO ]>> User数据访问层: insert测试成功
2023-06-14 09:36:32[ INFO ]>> User数据访问层: deleteByName测试成功
2023-06-14 09:36:32[ INFO ]>> User数据访问层: login测试成功
2023-06-14 09:36:32[ INFO ]>> User数据访问层: queryList测试通过
2023-06-14 09:36:32[ INFO ]>> User数据访问层: deleteById测试成功
2023-06-14 09:37:12[ INFO ]>> User数据访问层: insert测试成功
2023-06-14 09:37:12[ INFO ]>> User数据访问层: deleteByName测试成功
2023-06-14 09:37:12[ INFO ]>> User数据访问层: login测试成功
2023-06-14 09:37:12[ INFO ]>> User数据访问层: queryList测试通过
2023-06-14 09:37:12[ INFO ]>> User数据访问层: deleteById测试成功
2023-06-14 09:38:36[ INFO ]>> User数据访问层: insert测试成功
2023-06-14 09:38:36[ INFO ]>> User数据访问层: deleteByName测试成功
2023-06-14 09:38:36[ INFO ]>> User数据访问层: login测试成功
2023-06-14 09:38:36[ INFO ]>> User数据访问层: queryList测试通过
2023-06-14 09:38:36[ INFO ]>> User数据访问层: deleteById测试成功
2023-06-14 09:40:47[ INFO ]>> User数据访问层: insert测试成功
2023-06-14 09:40:47[ INFO ]>> User数据访问层: deleteByName测试成功
2023-06-14 09:40:47[ INFO ]>> User数据访问层: login测试成功
2023-06-14 09:40:47[ INFO ]>> User数据访问层: queryList测试通过
2023-06-14 09:40:48[ INFO ]>> User数据访问层: deleteById测试成功
2023-06-14 09:41:58[ INFO ]>> User数据访问层: insert测试成功
2023-06-14 09:41:58[ INFO ]>> User数据访问层: deleteByName测试成功
2023-06-14 09:41:58[ INFO ]>> User数据访问层: login测试成功
2023-06-14 09:41:58[ INFO ]>> User数据访问层: queryList测试通过
2023-06-14 09:41:58[ INFO ]>> User数据访问层: deleteById测试成功
